2025-09-04 20:51:08,427 - INFO - ============================================================
2025-09-04 20:51:08,428 - INFO - INICIANDO PIPELINE DE PROCESSAMENTO TOL
2025-09-04 20:51:08,428 - INFO - ============================================================
2025-09-04 20:51:08,429 - INFO - Verificando pré-requisitos...
2025-09-04 20:51:08,487 - INFO - 
--- ETAPA 1/4 ---
2025-09-04 20:51:08,488 - INFO - Executando: Processamento de dados originais e cálculo de pontuações
2025-09-04 20:51:08,488 - INFO - Script: process_all_files.py
2025-09-04 20:51:13,818 - INFO - 
--- ETAPA 2/4 ---
2025-09-04 20:51:13,818 - INFO - Executando: Combinação de dados por usuário
2025-09-04 20:51:13,819 - INFO - Script: combine_user_data.py
2025-09-04 20:51:14,992 - INFO - 
--- ETAPA 3/4 ---
2025-09-04 20:51:14,993 - INFO - Executando: Análise de dados combinados
2025-09-04 20:51:14,993 - INFO - Script: analyze_combined_data.py
2025-09-04 20:51:16,214 - INFO - 
--- ETAPA 4/4 ---
2025-09-04 20:51:16,215 - INFO - Executando: Análise de resultados individuais
2025-09-04 20:51:16,215 - INFO - Script: analyze_outcomes.py
2025-09-04 20:51:17,381 - INFO - Saída: Encontrados 0 arquivos para processar...

Processamento concluído!

2025-09-04 20:51:17,382 - INFO - 
============================================================
2025-09-04 20:51:17,382 - INFO - RESUMO DA EXECUÇÃO
2025-09-04 20:51:17,383 - INFO - ============================================================
2025-09-04 20:51:17,383 - INFO - Etapas executadas com sucesso: 4/4
2025-09-04 20:51:17,384 - INFO - Tempo total de execução: 8.96 segundos
2025-09-04 20:51:17,387 - INFO - 
Arquivos gerados:
2025-09-04 20:51:17,387 - INFO -   - resultados_processados/ - Dados processados com pontuações
2025-09-04 20:51:17,387 - INFO -   - dados_combinados/ - Dados combinados por usuário
2025-09-04 20:51:17,388 - INFO -   - analises_combinadas/ - Análises dos dados combinados
2025-09-04 20:51:17,388 - INFO -   - analises_resultados/ - Análises dos resultados individuais
2025-09-04 20:51:38,692 - INFO - ============================================================
2025-09-04 20:51:38,692 - INFO - INICIANDO PIPELINE DE PROCESSAMENTO TOL
2025-09-04 20:51:38,693 - INFO - ============================================================
2025-09-04 20:51:38,694 - INFO - Verificando pré-requisitos...
2025-09-04 20:51:38,696 - INFO - [OK] Encontrados 44 arquivos CSV na pasta 'dados_originais'
2025-09-04 20:51:38,697 - INFO - [OK] Todos os scripts necessários estão presentes
2025-09-04 20:51:38,697 - INFO - [OK] Pré-requisitos atendidos
2025-09-04 20:51:38,698 - INFO - 
--- ETAPA 1/4 ---
2025-09-04 20:51:38,699 - INFO - Executando: Processamento de dados originais e cálculo de pontuações
2025-09-04 20:51:38,700 - INFO - Script: process_all_files.py
2025-09-04 20:51:39,959 - INFO - [OK] Processamento de dados originais e cálculo de pontuações - Concluído com sucesso
2025-09-04 20:51:39,959 - INFO - 
--- ETAPA 2/4 ---
2025-09-04 20:51:39,959 - INFO - Executando: Combinação de dados por usuário
2025-09-04 20:51:39,960 - INFO - Script: combine_user_data.py
2025-09-04 20:51:41,130 - INFO - [OK] Combinação de dados por usuário - Concluído com sucesso
2025-09-04 20:51:41,130 - INFO - 
--- ETAPA 3/4 ---
2025-09-04 20:51:41,130 - INFO - Executando: Análise de dados combinados
2025-09-04 20:51:41,131 - INFO - Script: analyze_combined_data.py
2025-09-04 20:51:42,326 - INFO - [OK] Análise de dados combinados - Concluído com sucesso
2025-09-04 20:51:42,326 - INFO - 
--- ETAPA 4/4 ---
2025-09-04 20:51:42,327 - INFO - Executando: Análise de resultados individuais
2025-09-04 20:51:42,327 - INFO - Script: analyze_outcomes.py
2025-09-04 20:51:43,552 - INFO - [OK] Análise de resultados individuais - Concluído com sucesso
2025-09-04 20:51:43,553 - INFO - Saída: Encontrados 0 arquivos para processar...

Processamento concluído!

2025-09-04 20:51:43,553 - INFO - 
============================================================
2025-09-04 20:51:43,553 - INFO - RESUMO DA EXECUÇÃO
2025-09-04 20:51:43,554 - INFO - ============================================================
2025-09-04 20:51:43,554 - INFO - Etapas executadas com sucesso: 4/4
2025-09-04 20:51:43,554 - INFO - Tempo total de execução: 4.86 segundos
2025-09-04 20:51:43,555 - INFO - [OK] PIPELINE CONCLUÍDO COM SUCESSO!
2025-09-04 20:51:43,555 - INFO - 
Arquivos gerados:
2025-09-04 20:51:43,555 - INFO -   - resultados_processados/ - Dados processados com pontuações
2025-09-04 20:51:43,555 - INFO -   - dados_combinados/ - Dados combinados por usuário
2025-09-04 20:51:43,555 - INFO -   - analises_combinadas/ - Análises dos dados combinados
2025-09-04 20:51:43,556 - INFO -   - analises_resultados/ - Análises dos resultados individuais
2025-09-04 20:54:50,813 - INFO - ============================================================
2025-09-04 20:54:50,813 - INFO - INICIANDO PIPELINE DE PROCESSAMENTO TOL
2025-09-04 20:54:50,814 - INFO - ============================================================
2025-09-04 20:54:50,814 - INFO - Verificando pré-requisitos...
2025-09-04 20:54:50,815 - INFO - [OK] Encontrados 44 arquivos CSV na pasta 'dados_originais'
2025-09-04 20:54:50,816 - INFO - [OK] Todos os scripts necessários estão presentes
2025-09-04 20:54:50,816 - INFO - [OK] Pré-requisitos atendidos
2025-09-04 20:54:50,816 - INFO - 
--- ETAPA 1/4 ---
2025-09-04 20:54:50,817 - INFO - Executando: Processamento de dados originais e cálculo de pontuações
2025-09-04 20:54:50,817 - INFO - Script: process_all_files.py
2025-09-04 20:54:51,976 - INFO - [OK] Processamento de dados originais e cálculo de pontuações - Concluído com sucesso
2025-09-04 20:54:51,977 - INFO - 
--- ETAPA 2/4 ---
2025-09-04 20:54:51,977 - INFO - Executando: Combinação de dados por usuário
2025-09-04 20:54:51,978 - INFO - Script: combine_user_data.py
2025-09-04 20:54:53,137 - INFO - [OK] Combinação de dados por usuário - Concluído com sucesso
2025-09-04 20:54:53,137 - INFO - 
--- ETAPA 3/4 ---
2025-09-04 20:54:53,137 - INFO - Executando: Análise de dados combinados
2025-09-04 20:54:53,137 - INFO - Script: analyze_combined_data.py
2025-09-04 20:54:54,438 - INFO - [OK] Análise de dados combinados - Concluído com sucesso
2025-09-04 20:54:54,438 - INFO - 
--- ETAPA 4/4 ---
2025-09-04 20:54:54,439 - INFO - Executando: Análise de resultados individuais
2025-09-04 20:54:54,439 - INFO - Script: analyze_outcomes.py
2025-09-04 20:54:55,540 - INFO - [OK] Análise de resultados individuais - Concluído com sucesso
2025-09-04 20:54:55,540 - INFO - Saída: Encontrados 0 arquivos para processar...

Processamento concluído!

2025-09-04 20:54:55,541 - INFO - 
============================================================
2025-09-04 20:54:55,541 - INFO - RESUMO DA EXECUÇÃO
2025-09-04 20:54:55,542 - INFO - ============================================================
2025-09-04 20:54:55,542 - INFO - Etapas executadas com sucesso: 4/4
2025-09-04 20:54:55,543 - INFO - Tempo total de execução: 4.73 segundos
2025-09-04 20:54:55,543 - INFO - [OK] PIPELINE CONCLUÍDO COM SUCESSO!
2025-09-04 20:54:55,544 - INFO - 
Arquivos gerados:
2025-09-04 20:54:55,544 - INFO -   - 01_dados_processados/ - Dados processados com pontuações
2025-09-04 20:54:55,545 - INFO -   - 02_dados_combinados/ - Dados combinados por usuário
2025-09-04 20:54:55,545 - INFO -   - 03_analises_combinadas/ - Análises dos dados combinados
2025-09-04 20:54:55,545 - INFO -   - 04_analises_individuais/ - Análises dos resultados individuais
2025-09-04 20:56:31,198 - INFO - ============================================================
2025-09-04 20:56:31,198 - INFO - INICIANDO PIPELINE DE PROCESSAMENTO TOL
2025-09-04 20:56:31,199 - INFO - ============================================================
2025-09-04 20:56:31,199 - INFO - Verificando pré-requisitos...
2025-09-04 20:56:31,200 - INFO - [OK] Encontrados 44 arquivos CSV na pasta 'dados_originais'
2025-09-04 20:56:31,200 - INFO - [OK] Todos os scripts necessários estão presentes
2025-09-04 20:56:31,200 - INFO - [OK] Pré-requisitos atendidos
2025-09-04 20:56:31,201 - INFO - 
--- ETAPA 1/4 ---
2025-09-04 20:56:31,201 - INFO - Executando: Processamento de dados originais e cálculo de pontuações
2025-09-04 20:56:31,201 - INFO - Script: process_all_files.py
2025-09-04 20:56:32,366 - INFO - [OK] Processamento de dados originais e cálculo de pontuações - Concluído com sucesso
2025-09-04 20:56:32,366 - INFO - 
--- ETAPA 2/4 ---
2025-09-04 20:56:32,367 - INFO - Executando: Combinação de dados por usuário
2025-09-04 20:56:32,367 - INFO - Script: combine_user_data.py
2025-09-04 20:56:33,474 - INFO - [OK] Combinação de dados por usuário - Concluído com sucesso
2025-09-04 20:56:33,474 - INFO - 
--- ETAPA 3/4 ---
2025-09-04 20:56:33,475 - INFO - Executando: Análise de dados combinados
2025-09-04 20:56:33,475 - INFO - Script: analyze_combined_data.py
2025-09-04 20:56:34,542 - INFO - [OK] Análise de dados combinados - Concluído com sucesso
2025-09-04 20:56:34,543 - INFO - 
--- ETAPA 4/4 ---
2025-09-04 20:56:34,543 - INFO - Executando: Análise de resultados individuais
2025-09-04 20:56:34,543 - INFO - Script: analyze_outcomes.py
2025-09-04 20:56:35,560 - INFO - [OK] Análise de resultados individuais - Concluído com sucesso
2025-09-04 20:56:35,561 - INFO - Saída: Encontrados 0 arquivos para processar...

Processamento concluído!

2025-09-04 20:56:35,561 - INFO - 
============================================================
2025-09-04 20:56:35,561 - INFO - RESUMO DA EXECUÇÃO
2025-09-04 20:56:35,561 - INFO - ============================================================
2025-09-04 20:56:35,562 - INFO - Etapas executadas com sucesso: 4/4
2025-09-04 20:56:35,562 - INFO - Tempo total de execução: 4.36 segundos
2025-09-04 20:56:35,562 - INFO - [OK] PIPELINE CONCLUÍDO COM SUCESSO!
2025-09-04 20:56:35,562 - INFO - 
Arquivos gerados:
2025-09-04 20:56:35,563 - INFO -   - 01_dados_processados/ - Dados processados com pontuações
2025-09-04 20:56:35,563 - INFO -   - 02_dados_combinados/ - Dados combinados por usuário
2025-09-04 20:56:35,563 - INFO -   - 03_analises_combinadas/ - Análises dos dados combinados
2025-09-04 20:56:35,563 - INFO -   - 04_analises_individuais/ - Análises dos resultados individuais
2025-09-04 20:58:18,931 - INFO - ============================================================
2025-09-04 20:58:18,931 - INFO - INICIANDO PIPELINE DE PROCESSAMENTO TOL
2025-09-04 20:58:18,932 - INFO - ============================================================
2025-09-04 20:58:18,932 - INFO - Verificando pré-requisitos...
2025-09-04 20:58:18,933 - INFO - [OK] Encontrados 44 arquivos CSV na pasta 'dados_originais'
2025-09-04 20:58:18,934 - INFO - [OK] Todos os scripts necessários estão presentes
2025-09-04 20:58:18,934 - INFO - [OK] Pré-requisitos atendidos
2025-09-04 20:58:18,935 - INFO - 
--- ETAPA 1/4 ---
2025-09-04 20:58:18,935 - INFO - Executando: Processamento de dados originais e cálculo de pontuações
2025-09-04 20:58:18,935 - INFO - Script: process_all_files.py
2025-09-04 20:58:51,211 - INFO - [OK] Processamento de dados originais e cálculo de pontuações - Concluído com sucesso
2025-09-04 20:58:51,211 - INFO - 
--- ETAPA 2/4 ---
2025-09-04 20:58:51,212 - INFO - Executando: Combinação de dados por usuário
2025-09-04 20:58:51,212 - INFO - Script: combine_user_data.py
2025-09-04 20:58:54,086 - INFO - [OK] Combinação de dados por usuário - Concluído com sucesso
2025-09-04 20:58:54,087 - INFO - 
--- ETAPA 3/4 ---
2025-09-04 20:58:54,087 - INFO - Executando: Análise de dados combinados
2025-09-04 20:58:54,087 - INFO - Script: analyze_combined_data.py
2025-09-04 20:58:55,687 - INFO - [OK] Análise de dados combinados - Concluído com sucesso
2025-09-04 20:58:55,688 - INFO - 
--- ETAPA 4/4 ---
2025-09-04 20:58:55,688 - INFO - Executando: Análise de resultados individuais
2025-09-04 20:58:55,689 - INFO - Script: analyze_outcomes.py
2025-09-04 20:58:57,118 - INFO - [OK] Análise de resultados individuais - Concluído com sucesso
2025-09-04 20:58:57,118 - INFO - Saída: Encontrados 44 arquivos para processar...
Processado: T0_4567_Tol.csv
Processado: T0_4568_Tol.csv
Processado: T0_4569_Tol.csv
Processado: T0_4570_tol.csv
Processado: T0_4571_tol.csv
Processado: T0_4572_tol.csv
Processado: T0_4574_tol.csv
Processado: T0_4576_tol.csv
Processado: T0_4577_tol.csv
Processado: T0_4578_tol.csv
Processado: T0_4579_tol.csv
Processado: T0_4581_tol.csv
Processado: T0_4585_tol.csv
Processado: T0_4586_tol.csv
Processado: T0_4588_tol.csv
Processado: T1_4567_Tol.csv
Processado: T1_4568_Tol.csv
Processado: T1_4569_Tol.csv
Processado: T1_4570_tol.csv
Processado: T1_4571_tol.csv
Processado: T1_4572_tol.csv
Processado: T1_4574_tol.csv
Processado: T1_4576_tol.csv
Processado: T1_4577_tol.csv
Processado: T1_4578_tol.csv
Processado: T1_4579_tol.csv
Processado: T1_4581_tol.csv
Processado: T1_4585_tol.csv
Processado: T1_4586_tol.csv
Processado: T1_4588_tol.csv
Processado: T2_4567_Tol.csv
Processado: T2_4568_Tol.csv
Processado: T2_4569_tol.csv
Processado: T2_4570_tol.csv
Processado: T2_4571_tol.csv
Processado: T2_4572_tol.csv
Processado: T2_4574_tol.csv
Processado: T2_4576_tol.csv
Processado: T2_4577_tol.csv
Processado: T2_4578_tol.csv
Processado: T2_4579_tol.csv
Processado: T2_4581_tol.csv
Processado: T2_4585_tol.csv
Processado: T2_4588_tol.csv
Arquivo criado: 04_analises_individuais\4567_analises.csv
Arquivo criado: 04_analises_individuais\4568_analises.csv
Arquivo criado: 04_analises_individuais\4569_analises.csv
Arquivo criado: 04_analises_individuais\4570_analises.csv
Arquivo criado: 04_analises_individuais\4571_analises.csv
Arquivo criado: 04_analises_individuais\4572_analises.csv
Arquivo criado: 04_analises_individuais\4574_analises.csv
Arquivo criado: 04_analises_individuais\4576_analises.csv
Arquivo criado: 04_analises_individuais\4577_analises.csv
Arquivo criado: 04_analises_individuais\4578_analises.csv
Arquivo criado: 04_analises_individuais\4579_analises.csv
Arquivo criado: 04_analises_individuais\4581_analises.csv
Arquivo criado: 04_analises_individuais\4585_analises.csv
Aviso: Pessoa 4586 tem 2 testes (esperado 3)
Arquivo criado: 04_analises_individuais\4588_analises.csv

Processamento concluído!

2025-09-04 20:58:57,119 - INFO - 
============================================================
2025-09-04 20:58:57,120 - INFO - RESUMO DA EXECUÇÃO
2025-09-04 20:58:57,120 - INFO - ============================================================
2025-09-04 20:58:57,122 - INFO - Etapas executadas com sucesso: 4/4
2025-09-04 20:58:57,123 - INFO - Tempo total de execução: 38.19 segundos
2025-09-04 20:58:57,124 - INFO - [OK] PIPELINE CONCLUÍDO COM SUCESSO!
2025-09-04 20:58:57,124 - INFO - 
Arquivos gerados:
2025-09-04 20:58:57,125 - INFO -   - 01_dados_processados/ - Dados processados com pontuações
2025-09-04 20:58:57,126 - INFO -   - 02_dados_combinados/ - Dados combinados por usuário
2025-09-04 20:58:57,127 - INFO -   - 03_analises_combinadas/ - Análises dos dados combinados
2025-09-04 20:58:57,127 - INFO -   - 04_analises_individuais/ - Análises dos resultados individuais
2025-09-04 21:28:19,677 - INFO - ============================================================
2025-09-04 21:28:19,678 - INFO - INICIANDO PIPELINE DE PROCESSAMENTO TOL
2025-09-04 21:28:19,679 - INFO - ============================================================
2025-09-04 21:28:19,679 - INFO - Verificando pré-requisitos...
2025-09-04 21:28:19,681 - INFO - [OK] Encontrados 44 arquivos CSV na pasta 'dados_originais'
2025-09-04 21:28:19,682 - INFO - [OK] Todos os scripts necessários estão presentes
2025-09-04 21:28:19,683 - INFO - [OK] Pré-requisitos atendidos
2025-09-04 21:28:19,683 - INFO - 
--- ETAPA 1/3 ---
2025-09-04 21:28:19,683 - INFO - Executando: Processamento de dados originais e cálculo de pontuações
2025-09-04 21:28:19,684 - INFO - Script: process_all_files.py
2025-09-04 21:30:47,033 - INFO - ============================================================
2025-09-04 21:30:47,068 - INFO - INICIANDO PIPELINE DE PROCESSAMENTO TOL
2025-09-04 21:30:47,115 - INFO - ============================================================
2025-09-04 21:30:47,152 - INFO - Verificando pré-requisitos...
2025-09-04 21:30:47,173 - INFO - [OK] Encontrados 44 arquivos CSV na pasta 'dados_originais'
2025-09-04 21:30:47,208 - INFO - [OK] Todos os scripts necessários estão presentes
2025-09-04 21:30:47,209 - INFO - [OK] Pré-requisitos atendidos
2025-09-04 21:30:47,218 - INFO - 
--- ETAPA 1/4 ---
2025-09-04 21:30:47,220 - INFO - Executando: Processamento de dados originais e cálculo de pontuações
2025-09-04 21:30:47,220 - INFO - Script: process_all_files.py
2025-09-04 21:31:40,148 - INFO - ============================================================
2025-09-04 21:31:40,148 - INFO - INICIANDO PIPELINE DE PROCESSAMENTO TOL
2025-09-04 21:31:40,148 - INFO - ============================================================
2025-09-04 21:31:40,149 - INFO - Verificando pré-requisitos...
2025-09-04 21:31:40,150 - INFO - [OK] Encontrados 44 arquivos CSV na pasta 'dados_originais'
2025-09-04 21:31:40,151 - INFO - [OK] Todos os scripts necessários estão presentes
2025-09-04 21:31:40,151 - INFO - [OK] Pré-requisitos atendidos
2025-09-04 21:31:40,151 - INFO - 
--- ETAPA 1/4 ---
2025-09-04 21:31:40,152 - INFO - Executando: Processamento de dados originais e cálculo de pontuações
2025-09-04 21:31:40,152 - INFO - Script: process_all_files.py
2025-09-04 21:32:23,052 - INFO - [OK] Processamento de dados originais e cálculo de pontuações - Concluído com sucesso
2025-09-04 21:32:23,052 - INFO - 
--- ETAPA 2/4 ---
2025-09-04 21:32:23,053 - INFO - Executando: Combinação de dados por usuário
2025-09-04 21:32:23,053 - INFO - Script: combine_user_data.py
2025-09-04 21:32:27,832 - INFO - [OK] Combinação de dados por usuário - Concluído com sucesso
2025-09-04 21:32:27,833 - INFO - 
--- ETAPA 3/4 ---
2025-09-04 21:32:27,833 - INFO - Executando: Análise de dados combinados
2025-09-04 21:32:27,833 - INFO - Script: analyze_combined_data.py
2025-09-04 21:32:29,884 - INFO - [OK] Análise de dados combinados - Concluído com sucesso
2025-09-04 21:32:29,885 - INFO - 
--- ETAPA 4/4 ---
2025-09-04 21:32:29,885 - INFO - Executando: Análise estatística ANOVA de medidas repetidas
2025-09-04 21:32:29,886 - INFO - Script: anova.py
2025-09-04 21:32:30,603 - INFO - ============================================================
2025-09-04 21:32:30,604 - INFO - INICIANDO PIPELINE DE PROCESSAMENTO TOL
2025-09-04 21:32:30,604 - INFO - ============================================================
2025-09-04 21:32:30,605 - INFO - Verificando pré-requisitos...
2025-09-04 21:32:30,606 - INFO - [OK] Encontrados 44 arquivos CSV na pasta 'dados_originais'
2025-09-04 21:32:30,607 - INFO - [OK] Todos os scripts necessários estão presentes
2025-09-04 21:32:30,607 - INFO - [OK] Pré-requisitos atendidos
2025-09-04 21:32:30,613 - INFO - 
--- ETAPA 1/4 ---
2025-09-04 21:32:30,615 - INFO - Executando: Processamento de dados originais e cálculo de pontuações
2025-09-04 21:32:30,615 - INFO - Script: process_all_files.py
2025-09-04 21:32:51,424 - INFO - [OK] Análise estatística ANOVA de medidas repetidas - Concluído com sucesso
2025-09-04 21:32:51,429 - INFO - Saída: ERRO: Arquivo não encontrado: 03_analises_combinadas/todos_usuarios_analises.csv
Por favor, verifique o caminho do arquivo CSV.

2025-09-04 21:32:51,430 - INFO - 
============================================================
2025-09-04 21:32:51,431 - INFO - RESUMO DA EXECUÇÃO
2025-09-04 21:32:51,431 - INFO - ============================================================
2025-09-04 21:32:51,432 - INFO - Etapas executadas com sucesso: 4/4
2025-09-04 21:32:51,432 - INFO - Tempo total de execução: 71.28 segundos
2025-09-04 21:32:51,432 - INFO - [OK] PIPELINE CONCLUÍDO COM SUCESSO!
2025-09-04 21:32:51,433 - INFO - 
Arquivos gerados:
2025-09-04 21:32:51,433 - INFO -   - 01_dados_processados/ - Dados processados com pontuações
2025-09-04 21:32:51,434 - INFO -   - 02_dados_combinados/ - Dados combinados por usuário
2025-09-04 21:32:51,434 - INFO -   - 03_analises_combinadas/ - Análises dos dados combinados
2025-09-04 21:32:51,434 - INFO -   - resultados_anova_medidas_repetidas.xlsx - Análise estatística ANOVA
2025-09-04 21:32:51,785 - INFO - ============================================================
2025-09-04 21:32:51,785 - INFO - INICIANDO PIPELINE DE PROCESSAMENTO TOL
2025-09-04 21:32:51,786 - INFO - ============================================================
2025-09-04 21:32:51,786 - INFO - Verificando pré-requisitos...
2025-09-04 21:32:51,788 - INFO - [OK] Encontrados 44 arquivos CSV na pasta 'dados_originais'
2025-09-04 21:32:51,788 - INFO - [OK] Todos os scripts necessários estão presentes
2025-09-04 21:32:51,789 - INFO - [OK] Pré-requisitos atendidos
2025-09-04 21:32:51,789 - INFO - 
--- ETAPA 1/4 ---
2025-09-04 21:32:51,790 - INFO - Executando: Processamento de dados originais e cálculo de pontuações
2025-09-04 21:32:51,790 - INFO - Script: process_all_files.py
2025-09-04 21:33:28,038 - INFO - [OK] Processamento de dados originais e cálculo de pontuações - Concluído com sucesso
2025-09-04 21:33:28,038 - INFO - 
--- ETAPA 2/4 ---
2025-09-04 21:33:28,039 - INFO - Executando: Combinação de dados por usuário
2025-09-04 21:33:28,039 - INFO - Script: combine_user_data.py
2025-09-04 21:33:32,000 - INFO - [OK] Combinação de dados por usuário - Concluído com sucesso
2025-09-04 21:33:32,001 - INFO - 
--- ETAPA 3/4 ---
2025-09-04 21:33:32,002 - INFO - Executando: Análise de dados combinados
2025-09-04 21:33:32,002 - INFO - Script: analyze_combined_data.py
2025-09-04 21:33:34,566 - INFO - [OK] Análise de dados combinados - Concluído com sucesso
2025-09-04 21:33:34,567 - INFO - 
--- ETAPA 4/4 ---
2025-09-04 21:33:34,567 - INFO - Executando: Análise estatística ANOVA de medidas repetidas
2025-09-04 21:33:34,567 - INFO - Script: anova.py
2025-09-04 21:33:40,304 - INFO - [OK] Análise estatística ANOVA de medidas repetidas - Concluído com sucesso
2025-09-04 21:33:40,304 - INFO - Saída: ERRO: Arquivo não encontrado: 03_analises_combinadas/todos_usuarios_analises.csv
Por favor, verifique o caminho do arquivo CSV.

2025-09-04 21:33:40,305 - INFO - 
============================================================
2025-09-04 21:33:40,306 - INFO - RESUMO DA EXECUÇÃO
2025-09-04 21:33:40,313 - INFO - ============================================================
2025-09-04 21:33:40,315 - INFO - Etapas executadas com sucesso: 4/4
2025-09-04 21:33:40,317 - INFO - Tempo total de execução: 69.70 segundos
2025-09-04 21:33:40,318 - INFO - [OK] PIPELINE CONCLUÍDO COM SUCESSO!
2025-09-04 21:33:40,319 - INFO - 
Arquivos gerados:
2025-09-04 21:33:40,320 - INFO -   - 01_dados_processados/ - Dados processados com pontuações
2025-09-04 21:33:40,321 - INFO -   - 02_dados_combinados/ - Dados combinados por usuário
2025-09-04 21:33:40,322 - INFO -   - 03_analises_combinadas/ - Análises dos dados combinados
2025-09-04 21:33:40,323 - INFO -   - resultados_anova_medidas_repetidas.xlsx - Análise estatística ANOVA
2025-09-04 21:33:45,834 - INFO - [OK] Processamento de dados originais e cálculo de pontuações - Concluído com sucesso
2025-09-04 21:33:45,834 - INFO - 
--- ETAPA 2/4 ---
2025-09-04 21:33:45,835 - INFO - Executando: Combinação de dados por usuário
2025-09-04 21:33:45,835 - INFO - Script: combine_user_data.py
2025-09-04 21:33:48,991 - INFO - [OK] Combinação de dados por usuário - Concluído com sucesso
2025-09-04 21:33:48,996 - INFO - 
--- ETAPA 3/4 ---
2025-09-04 21:33:48,997 - INFO - Executando: Análise de dados combinados
2025-09-04 21:33:48,998 - INFO - Script: analyze_combined_data.py
2025-09-04 21:33:52,306 - INFO - [OK] Análise de dados combinados - Concluído com sucesso
2025-09-04 21:33:52,312 - INFO - 
--- ETAPA 4/4 ---
2025-09-04 21:33:52,313 - INFO - Executando: Análise estatística ANOVA de medidas repetidas
2025-09-04 21:33:52,314 - INFO - Script: anova.py
2025-09-04 21:33:59,933 - INFO - [OK] Análise estatística ANOVA de medidas repetidas - Concluído com sucesso
2025-09-04 21:33:59,935 - INFO - Saída: ERRO: Arquivo não encontrado: 03_analises_combinadas/todos_usuarios_analises.csv
Por favor, verifique o caminho do arquivo CSV.

2025-09-04 21:33:59,935 - INFO - 
============================================================
2025-09-04 21:33:59,936 - INFO - RESUMO DA EXECUÇÃO
2025-09-04 21:33:59,936 - INFO - ============================================================
2025-09-04 21:33:59,937 - INFO - Etapas executadas com sucesso: 4/4
2025-09-04 21:33:59,937 - INFO - Tempo total de execução: 68.15 segundos
2025-09-04 21:33:59,937 - INFO - [OK] PIPELINE CONCLUÍDO COM SUCESSO!
2025-09-04 21:33:59,938 - INFO - 
Arquivos gerados:
2025-09-04 21:33:59,938 - INFO -   - 01_dados_processados/ - Dados processados com pontuações
2025-09-04 21:33:59,938 - INFO -   - 02_dados_combinados/ - Dados combinados por usuário
2025-09-04 21:33:59,939 - INFO -   - 03_analises_combinadas/ - Análises dos dados combinados
2025-09-04 21:33:59,939 - INFO -   - resultados_anova_medidas_repetidas.xlsx - Análise estatística ANOVA
2025-09-04 21:43:32,760 - INFO - ============================================================
2025-09-04 21:43:32,761 - INFO - INICIANDO PIPELINE DE PROCESSAMENTO TOL
2025-09-04 21:43:32,761 - INFO - ============================================================
2025-09-04 21:43:32,761 - INFO - Verificando pré-requisitos...
2025-09-04 21:43:32,763 - INFO - [OK] Encontrados 44 arquivos CSV na pasta 'dados_originais'
2025-09-04 21:43:32,763 - INFO - [OK] Todos os scripts necessários estão presentes
2025-09-04 21:43:32,764 - INFO - [OK] Pré-requisitos atendidos
2025-09-04 21:43:32,764 - INFO - 
--- ETAPA 1/4 ---
2025-09-04 21:43:32,764 - INFO - Executando: Processamento de dados originais e cálculo de pontuações
2025-09-04 21:43:32,764 - INFO - Script: process_all_files.py
2025-09-04 21:44:19,680 - INFO - [OK] Processamento de dados originais e cálculo de pontuações - Concluído com sucesso
2025-09-04 21:44:19,680 - INFO - 
--- ETAPA 2/4 ---
2025-09-04 21:44:19,681 - INFO - Executando: Combinação de dados por usuário
2025-09-04 21:44:19,685 - INFO - Script: combine_user_data.py
2025-09-04 21:44:23,659 - INFO - [OK] Combinação de dados por usuário - Concluído com sucesso
2025-09-04 21:44:23,660 - INFO - 
--- ETAPA 3/4 ---
2025-09-04 21:44:23,660 - INFO - Executando: Análise de dados combinados
2025-09-04 21:44:23,660 - INFO - Script: analyze_combined_data.py
2025-09-04 21:44:25,527 - INFO - [OK] Análise de dados combinados - Concluído com sucesso
2025-09-04 21:44:25,528 - INFO - Saída: Nenhum usuário completou todos os 3 testes!

2025-09-04 21:44:25,528 - INFO - 
--- ETAPA 4/4 ---
2025-09-04 21:44:25,528 - INFO - Executando: Análise estatística ANOVA de medidas repetidas
2025-09-04 21:44:25,529 - INFO - Script: anova.py
2025-09-04 21:44:32,154 - ERROR - [ERRO] Análise estatística ANOVA de medidas repetidas - Falhou com código 1
2025-09-04 21:44:32,154 - ERROR - Erro: Traceback (most recent call last):
  File "C:\Projetos\test-tol\scripts\anova.py", line 235, in <module>
    main()
    ~~~~^^
  File "C:\Projetos\test-tol\scripts\anova.py", line 211, in main
    resultados = realizar_anova_medidas_repetidas(csv_path)
  File "C:\Projetos\test-tol\scripts\anova.py", line 33, in realizar_anova_medidas_repetidas
    raise ValueError("Não foi possível encontrar a coluna de ID")
ValueError: Não foi possível encontrar a coluna de ID

2025-09-04 21:44:32,155 - ERROR - Falha na etapa 4. Interrompendo pipeline.
2025-09-04 21:44:32,155 - INFO - 
============================================================
2025-09-04 21:44:32,156 - INFO - RESUMO DA EXECUÇÃO
2025-09-04 21:44:32,156 - INFO - ============================================================
2025-09-04 21:44:32,157 - INFO - Etapas executadas com sucesso: 3/4
2025-09-04 21:44:32,157 - INFO - Tempo total de execução: 59.40 segundos
2025-09-04 21:44:32,157 - ERROR - [ERRO] PIPELINE INTERROMPIDO COM FALHAS
2025-09-04 21:45:58,722 - INFO - ============================================================
2025-09-04 21:45:58,722 - INFO - INICIANDO PIPELINE DE PROCESSAMENTO TOL
2025-09-04 21:45:58,723 - INFO - ============================================================
2025-09-04 21:45:58,723 - INFO - Verificando pré-requisitos...
2025-09-04 21:45:58,725 - INFO - [OK] Encontrados 44 arquivos CSV na pasta 'dados_originais'
2025-09-04 21:45:58,725 - INFO - [OK] Todos os scripts necessários estão presentes
2025-09-04 21:45:58,726 - INFO - [OK] Pré-requisitos atendidos
2025-09-04 21:45:58,726 - INFO - 
--- ETAPA 1/4 ---
2025-09-04 21:45:58,726 - INFO - Executando: Processamento de dados originais e cálculo de pontuações
2025-09-04 21:45:58,726 - INFO - Script: process_all_files.py
2025-09-04 21:46:48,669 - INFO - [OK] Processamento de dados originais e cálculo de pontuações - Concluído com sucesso
2025-09-04 21:46:48,670 - INFO - 
--- ETAPA 2/4 ---
2025-09-04 21:46:48,670 - INFO - Executando: Combinação de dados por usuário
2025-09-04 21:46:48,670 - INFO - Script: combine_user_data.py
2025-09-04 21:46:52,671 - INFO - [OK] Combinação de dados por usuário - Concluído com sucesso
2025-09-04 21:46:52,671 - INFO - 
--- ETAPA 3/4 ---
2025-09-04 21:46:52,672 - INFO - Executando: Análise de dados combinados
2025-09-04 21:46:52,672 - INFO - Script: analyze_combined_data.py
2025-09-04 21:46:54,792 - INFO - [OK] Análise de dados combinados - Concluído com sucesso
2025-09-04 21:46:54,792 - INFO - Saída: Nenhum usuário completou todos os 3 testes!

2025-09-04 21:46:54,793 - INFO - 
--- ETAPA 4/4 ---
2025-09-04 21:46:54,793 - INFO - Executando: Análise estatística ANOVA de medidas repetidas
2025-09-04 21:46:54,794 - INFO - Script: anova.py
2025-09-04 21:47:02,342 - ERROR - [ERRO] Análise estatística ANOVA de medidas repetidas - Falhou com código 1
2025-09-04 21:47:02,343 - ERROR - Erro: Traceback (most recent call last):
  File "C:\Projetos\test-tol\scripts\anova.py", line 217, in <module>
    main()
    ~~~~^^
  File "C:\Projetos\test-tol\scripts\anova.py", line 205, in main
    print(f"  • {row['Variavel']}: p = {row['p_value']:.4f}, \u03b7² = {row['partial_eta_squared']:.4f}")
    ~~~~~^^^^^^^^^^^^^^^^^^^^^^^^^^^^^^^^^^^^^^^^^^^^^^^^^^^^^^^^^^^^^^^^^^^^^^^^^^^^^^^^^^^^^^^^^^^
  File "C:\Python313\Lib\encodings\cp1252.py", line 19, in encode
    return codecs.charmap_encode(input,self.errors,encoding_table)[0]
           ~~~~~~~~~~~~~~~~~~~~~^^^^^^^^^^^^^^^^^^^^^^^^^^^^^^^^^^
UnicodeEncodeError: 'charmap' codec can't encode character '\u03b7' in position 32: character maps to <undefined>

2025-09-04 21:47:02,343 - ERROR - Falha na etapa 4. Interrompendo pipeline.
2025-09-04 21:47:02,344 - INFO - 
============================================================
2025-09-04 21:47:02,344 - INFO - RESUMO DA EXECUÇÃO
2025-09-04 21:47:02,345 - INFO - ============================================================
2025-09-04 21:47:02,345 - INFO - Etapas executadas com sucesso: 3/4
2025-09-04 21:47:02,345 - INFO - Tempo total de execução: 63.62 segundos
2025-09-04 21:47:02,349 - ERROR - [ERRO] PIPELINE INTERROMPIDO COM FALHAS
2025-09-04 21:47:21,334 - INFO - ============================================================
2025-09-04 21:47:21,335 - INFO - INICIANDO PIPELINE DE PROCESSAMENTO TOL
2025-09-04 21:47:21,336 - INFO - ============================================================
2025-09-04 21:47:21,337 - INFO - Verificando pré-requisitos...
2025-09-04 21:47:21,341 - INFO - [OK] Encontrados 44 arquivos CSV na pasta 'dados_originais'
2025-09-04 21:47:21,342 - INFO - [OK] Todos os scripts necessários estão presentes
2025-09-04 21:47:21,342 - INFO - [OK] Pré-requisitos atendidos
2025-09-04 21:47:21,343 - INFO - 
--- ETAPA 1/4 ---
2025-09-04 21:47:21,343 - INFO - Executando: Processamento de dados originais e cálculo de pontuações
2025-09-04 21:47:21,343 - INFO - Script: process_all_files.py
2025-09-04 21:48:14,021 - INFO - [OK] Processamento de dados originais e cálculo de pontuações - Concluído com sucesso
2025-09-04 21:48:14,021 - INFO - 
--- ETAPA 2/4 ---
2025-09-04 21:48:14,022 - INFO - Executando: Combinação de dados por usuário
2025-09-04 21:48:14,022 - INFO - Script: combine_user_data.py
2025-09-04 21:48:18,227 - INFO - [OK] Combinação de dados por usuário - Concluído com sucesso
2025-09-04 21:48:18,232 - INFO - 
--- ETAPA 3/4 ---
2025-09-04 21:48:18,233 - INFO - Executando: Análise de dados combinados
2025-09-04 21:48:18,233 - INFO - Script: analyze_combined_data.py
2025-09-04 21:48:20,447 - INFO - [OK] Análise de dados combinados - Concluído com sucesso
2025-09-04 21:48:20,448 - INFO - Saída: Nenhum usuário completou todos os 3 testes!

2025-09-04 21:48:20,449 - INFO - 
--- ETAPA 4/4 ---
2025-09-04 21:48:20,450 - INFO - Executando: Análise estatística ANOVA de medidas repetidas
2025-09-04 21:48:20,450 - INFO - Script: anova.py
2025-09-04 21:48:27,538 - ERROR - [ERRO] Análise estatística ANOVA de medidas repetidas - Falhou com código 1
2025-09-04 21:48:27,566 - ERROR - Erro: Traceback (most recent call last):
  File "C:\Projetos\test-tol\scripts\anova.py", line 217, in <module>
    main()
    ~~~~^^
  File "C:\Projetos\test-tol\scripts\anova.py", line 212, in main
    print(f"\nVariáveis com grande tamanho de efeito (eta² \u2265 0.14):")
    ~~~~~^^^^^^^^^^^^^^^^^^^^^^^^^^^^^^^^^^^^^^^^^^^^^^^^^^^^^^^^^^^^
  File "C:\Python313\Lib\encodings\cp1252.py", line 19, in encode
    return codecs.charmap_encode(input,self.errors,encoding_table)[0]
           ~~~~~~~~~~~~~~~~~~~~~^^^^^^^^^^^^^^^^^^^^^^^^^^^^^^^^^^
UnicodeEncodeError: 'charmap' codec can't encode character '\u2265' in position 47: character maps to <undefined>

2025-09-04 21:48:27,568 - ERROR - Falha na etapa 4. Interrompendo pipeline.
2025-09-04 21:48:27,568 - INFO - 
============================================================
2025-09-04 21:48:27,571 - INFO - RESUMO DA EXECUÇÃO
2025-09-04 21:48:27,573 - INFO - ============================================================
2025-09-04 21:48:27,574 - INFO - Etapas executadas com sucesso: 3/4
2025-09-04 21:48:27,575 - INFO - Tempo total de execução: 66.23 segundos
2025-09-04 21:48:27,576 - ERROR - [ERRO] PIPELINE INTERROMPIDO COM FALHAS
